Fri Oct 20 2017:GET/todos/59e86ba63bee5e136013542b
Fri Oct 20 2017:POST/todos
Fri Oct 20 2017:POST/todosundefined
Fri Oct 20 2017:POST/todosundefined
Fri Oct 20 2017:PATCH/todos/59ea0d18741d3b144c903030
Fri Oct 20 2017:PATCH/todos/59ea0d18741d3b144c903030
Fri Oct 20 2017:PATCH/todos/59ea0d18741d3b144c903030
Fri Oct 20 2017:PATCH/todos/59ea0d18741d3b144c903030
Fri Oct 20 2017:PATCH/todos/59ea0d18741d3b144c903030
Fri Oct 20 2017:PATCH/todos/59ea0d18741d3b144c903030
Fri Oct 20 2017:PATCH/todos/59ea0d18741d3b144c903030
Fri Oct 20 2017:PATCH/todos/59ea0d18741d3b144c903030
Mon Oct 23 2017:POST/user
Mon Oct 23 2017:POST/user
Mon Oct 23 2017:POST/user
Mon Oct 23 2017:POST/user
Mon Oct 23 2017:POST/user
Mon Oct 23 2017:POST/user
Mon Oct 23 2017:POST/user
Mon Oct 23 2017:POST/user
Mon Oct 23 2017:POST/user
Mon Oct 23 2017:POST/user
Mon Oct 23 2017:POST/user
Mon Oct 23 2017:POST/user
Mon Oct 23 2017:POST/user
Mon Oct 23 2017:POST/user
Mon Oct 23 2017:POST/user
Mon Oct 23 2017:POST/user
Mon Oct 23 2017:POST/user
Mon Oct 23 2017:POST/user
Mon Oct 23 2017:POST/user
Mon Oct 23 2017:POST/user
Mon Oct 23 2017:GET/user/me
Mon Oct 23 2017:GET/user/me
Mon Oct 23 2017:GET/user/me
Mon Oct 23 2017:GET/user/me
Mon Oct 23 2017:GET/user/me
Mon Oct 23 2017:GET/user/me
Mon Oct 23 2017:GET/user/me
Mon Oct 23 2017:GET/user/me
Mon Oct 23 2017:GET/user/me
Mon Oct 23 2017:GET/user/me
Mon Oct 23 2017:GET/user/me
Mon Oct 23 2017:GET/user/me
Mon Oct 23 2017:GET/user/me
Mon Oct 23 2017:GET/user/me
Mon Oct 23 2017:GET/user/me
Mon Oct 23 2017:GET/user/me
Mon Oct 23 2017:GET/user/me
Mon Oct 23 2017:GET/user/me
Mon Oct 23 2017:GET/user/me
Mon Oct 23 2017:GET/user/me
Mon Oct 23 2017:GET/user/me
Mon Oct 23 2017:GET/user/me
Mon Oct 23 2017:POST/user
Mon Oct 23 2017:POST/user
Mon Oct 23 2017:POST/user
Mon Oct 23 2017:POST/user
Mon Oct 23 2017:POST/user/login
Mon Oct 23 2017:POST/user/login
Mon Oct 23 2017:POST/user/login
Mon Oct 23 2017:POST/user/login
Mon Oct 23 2017:GET/user/me
Mon Oct 23 2017:GET/user/me
Mon Oct 23 2017:GET/user/logout
Mon Oct 23 2017:DELETE/user/logout
Mon Oct 23 2017:POST/user/login
Mon Oct 23 2017:POST/user/login
Mon Oct 23 2017:DELETE/user/logout
Mon Oct 23 2017:DELETE/user/logout
Mon Oct 23 2017:DELETE/user/logout
Mon Oct 23 2017:DELETE/user/logout
Mon Oct 23 2017:DELETE/user/logout
Mon Oct 23 2017:DELETE/user/logout
Mon Oct 23 2017:DELETE/user/logout
Mon Oct 23 2017:DELETE/user/me
Mon Oct 23 2017:GET/user/me
Mon Oct 23 2017:POST/user
Mon Oct 23 2017:DELETE/user/logout
Mon Oct 23 2017:DELETE/user/me/logout
Mon Oct 23 2017:DELETE/user/me/logout
Mon Oct 23 2017:DELETE/user/me/logout
Mon Oct 23 2017:DELETE/user/logout
Mon Oct 23 2017:DELETE/user/logout
Mon Oct 23 2017:DELETE/user/logout
Mon Oct 23 2017:DELETE/user/logout
Mon Oct 23 2017:DELETE/user/logout
Mon Oct 23 2017:DELETE/user/logout
Mon Oct 23 2017:DELETE/user/logout
Mon Oct 23 2017:DELETE/user/logout
Mon Oct 23 2017:DELETE/user/logout
Mon Oct 23 2017:DELETE/user/logout
Mon Oct 23 2017:POST/user
Mon Oct 23 2017:DELETE/user/logout
Mon Oct 23 2017:POST/user
Mon Oct 23 2017:POST/user
Mon Oct 23 2017:POST/todos
Mon Oct 23 2017:POST/todos
Mon Oct 23 2017:GET/todos
Mon Oct 23 2017:GET/todos
Mon Oct 23 2017:GET/todos
Mon Oct 23 2017:PATCH/todos/59ea0d18741d3b144c903030
Mon Oct 23 2017:PATCH/todos/59edd92004968f1fec08d72c
Mon Oct 23 2017:PATCH/todos/59edd92004968f1fec08d72c
Mon Oct 23 2017:PATCH/todos/59edd92004968f1fec08d72c
Mon Oct 23 2017:PATCH/todos/59edd92004968f1fec08d72c
Mon Oct 23 2017:DELETE/todos/59edd92004968f1fec08d72c
Mon Oct 23 2017:DELETE/todos/59edd92004968f1fec08d72c
Mon Oct 23 2017:DELETE/todos/59edd92004968f1fec08d72c
Tue Oct 24 2017:POST/user
Wed Oct 25 2017:POST/todos
Wed Oct 25 2017:POST/todos
Wed Oct 25 2017:GET/todos
Wed Oct 25 2017:POST/user
Wed Oct 25 2017:POST/user/login
Wed Oct 25 2017:GET/
Wed Oct 25 2017:GET/favicon.ico
Wed Oct 25 2017:GET/todos
Wed Oct 25 2017:POST/user
Wed Oct 25 2017:POST/user
Wed Oct 25 2017:POST/user
Wed Oct 25 2017:POST/user
Wed Oct 25 2017:POST/user
Wed Oct 25 2017:POST/user/login
Wed Oct 25 2017:POST/todos
Wed Oct 25 2017:POST/todos
Wed Oct 25 2017:GET/todos
Wed Oct 25 2017:GET/todos
Wed Oct 25 2017:GET/todos/59f06733192d8211f035f5f0
Wed Oct 25 2017:GET/todos/59f06733192d8211f035f5f0
Wed Oct 25 2017:DELETE/todos/59f06733192d8211f035f5f0
Wed Oct 25 2017:DELETE/todos/59f06733192d8211f035f5f0
Wed Oct 25 2017:DELETE/todos/59f06733192d8211f035f5f0
Wed Oct 25 2017:DELETE/user/logout
Wed Oct 25 2017:DELETE/user/logout
Wed Oct 25 2017:POST/user/login
Wed Oct 25 2017:GET/profile
Wed Oct 25 2017:GET/profile
Wed Oct 25 2017:GET/profile
Fri Oct 27 2017:POST/user
Fri Oct 27 2017:POST/user
Fri Oct 27 2017:POST/user
Fri Oct 27 2017:POST/user
Fri Oct 27 2017:POST/user
Fri Oct 27 2017:POST/user
Fri Oct 27 2017:POST/user
Fri Oct 27 2017:POST/user
Fri Oct 27 2017:POST/user
Fri Oct 27 2017:POST/user/login
Fri Oct 27 2017:GET/profile
Fri Oct 27 2017:DELETE/user/logout
Fri Oct 27 2017:GET/profile
Fri Oct 27 2017:GET/todos/59f06733192d8211f035f5f0
Fri Oct 27 2017:POST/user
Fri Oct 27 2017:POST/user/login
Fri Oct 27 2017:GET/profile
Fri Oct 27 2017:GET/todos/59f06733192d8211f035f5f0
Fri Oct 27 2017:GET/todos/
Fri Oct 27 2017:DELETE/user/logout
Fri Oct 27 2017:GET/todos/
Fri Oct 27 2017:GET/todos/
Fri Oct 27 2017:DELETE/user/logout
Fri Oct 27 2017:GET/profile
Fri Oct 27 2017:POST/upload
Fri Oct 27 2017:POST/upload
Fri Oct 27 2017:POST/upload
Fri Oct 27 2017:POST/upload
Fri Oct 27 2017:POST/upload
Fri Oct 27 2017:POST/upload
Fri Oct 27 2017:POST/upload
Fri Oct 27 2017:POST/upload
Fri Oct 27 2017:POST/uploads
Fri Oct 27 2017:POST/uploads
Fri Oct 27 2017:POST/uploads
Fri Oct 27 2017:POST/uploads
Fri Oct 27 2017:POST/profile
Fri Oct 27 2017:POST/profile
Fri Oct 27 2017:POST/profile
